2025-07-08 23:23:39 INFO  Browser:39 - Enter supported browser name either chrome, firefox or edge
2025-07-08 23:23:39 INFO  Browser:39 - Enter supported browser name either chrome, firefox or edge
2025-07-08 23:23:39 INFO  Browser:39 - Enter supported browser name either chrome, firefox or edge
2025-07-08 23:23:39 INFO  Browser:39 - Enter supported browser name either chrome, firefox or edge
2025-07-08 23:28:58 INFO  Browser:26 - Chrome is opening
2025-07-08 23:29:05 INFO  Browser:26 - Chrome is opening
2025-07-08 23:29:12 INFO  Browser:23 - Test Passed
2025-07-08 23:29:12 INFO  Browser:23 - Test Passed
2025-07-08 23:40:07 INFO  Browser:26 - Chrome is opening
2025-07-08 23:40:13 INFO  Browser:26 - Chrome is opening
2025-07-08 23:40:17 INFO  Browser:23 - Test Passed
2025-07-08 23:40:18 INFO  Browser:23 - Test Passed
2025-07-08 23:40:43 INFO  Browser:26 - Chrome is opening
2025-07-08 23:40:55 INFO  Browser:26 - Chrome is opening
2025-07-08 23:40:59 INFO  Browser:23 - Test Passed
2025-07-08 23:40:59 INFO  Browser:23 - Test Passed
2025-07-08 23:51:10 INFO  Browser:39 - Enter supported browser name either chrome, firefox or edge
2025-07-08 23:51:10 INFO  Browser:39 - Enter supported browser name either chrome, firefox or edge
2025-07-08 23:51:10 INFO  Browser:39 - Enter supported browser name either chrome, firefox or edge
2025-07-08 23:51:10 INFO  Browser:39 - Enter supported browser name either chrome, firefox or edge
2025-07-09 00:38:02 INFO  Browser:26 - Chrome is opening
2025-07-09 00:38:09 INFO  Browser:26 - Chrome is opening
2025-07-09 00:38:46 INFO  Browser:26 - Chrome is opening
2025-07-09 00:38:55 INFO  Browser:26 - Chrome is opening
2025-07-09 00:41:40 INFO  Browser:26 - Chrome is opening
2025-07-09 00:41:46 INFO  Browser:26 - Chrome is opening
2025-07-09 00:42:24 INFO  Browser:26 - Chrome is opening
2025-07-09 00:42:32 INFO  Browser:26 - Chrome is opening
2025-07-09 00:44:49 INFO  Browser:26 - Chrome is opening
2025-07-09 00:44:57 INFO  Browser:26 - Chrome is opening
2025-07-09 00:45:33 INFO  Browser:26 - Chrome is opening
2025-07-09 00:45:40 INFO  Browser:26 - Chrome is opening
2025-07-09 00:47:51 INFO  Browser:26 - Chrome is opening
2025-07-09 00:48:38 INFO  Browser:26 - Chrome is opening
2025-07-09 00:49:46 INFO  Browser:26 - Chrome is opening
2025-07-09 00:51:13 INFO  Browser:26 - Chrome is opening
2025-07-09 00:51:23 INFO  Browser:26 - Chrome is opening
2025-07-09 00:59:16 INFO  Browser:39 - Enter supported browser name either chrome, firefox or edge
2025-07-09 00:59:17 INFO  Browser:39 - Enter supported browser name either chrome, firefox or edge
2025-07-09 01:04:17 INFO  Browser:39 - Enter supported browser name either chrome, firefox or edge
2025-07-09 01:04:17 INFO  Browser:39 - Enter supported browser name either chrome, firefox or edge
2025-07-09 01:04:17 INFO  Browser:39 - Enter supported browser name either chrome, firefox or edge
2025-07-09 01:04:17 INFO  Browser:39 - Enter supported browser name either chrome, firefox or edge
2025-07-09 01:04:30 INFO  Browser:26 - Chrome is opening
2025-07-09 01:04:36 INFO  Browser:26 - Chrome is opening
2025-07-09 01:05:16 INFO  Browser:26 - Chrome is opening
2025-07-09 01:05:24 INFO  Browser:26 - Chrome is opening
2025-07-10 23:16:00 INFO  Browser:26 - Chrome is opening
2025-07-10 23:16:06 INFO  Browser:26 - Chrome is opening
2025-07-10 23:16:43 INFO  Browser:26 - Chrome is opening
2025-07-10 23:16:54 INFO  Browser:26 - Chrome is opening
2025-07-10 23:18:57 INFO  Browser:24 - Chrome is opening
2025-07-10 23:19:05 INFO  Browser:24 - Chrome is opening
2025-07-10 23:20:43 INFO  Browser:24 - Chrome is opening
2025-07-10 23:20:51 INFO  Browser:24 - Chrome is opening
2025-07-11 00:14:18 INFO  Browser:24 - Chrome is opening
2025-07-11 00:14:24 INFO  Browser:24 - Chrome is opening
2025-07-11 00:16:23 INFO  Browser:24 - Chrome is opening
2025-07-11 00:16:29 INFO  Browser:24 - Chrome is opening
2025-07-11 00:17:05 INFO  Browser:24 - Chrome is opening
2025-07-11 00:27:22 INFO  Browser:26 - Chrome is opening
2025-07-11 00:29:00 INFO  Browser:26 - Chrome is opening
2025-07-11 00:29:17 INFO  Browser:26 - Chrome is opening
2025-07-11 00:30:21 INFO  Browser:26 - Chrome is opening
2025-07-11 00:31:05 INFO  Browser:26 - Chrome is opening
2025-07-11 00:31:38 INFO  Browser:39 - Enter supported browser name either chrome, firefox or edge
2025-07-11 00:43:44 INFO  Browser:39 - Enter supported browser name either chrome, firefox or edge
2025-07-11 00:44:18 INFO  Browser:26 - Chrome is opening
2025-07-11 14:36:35 INFO  Browser:36 - Enter supported browser name either chrome, firefox or edge
2025-07-11 14:40:10 INFO  Browser:36 - Enter supported browser name either chrome, firefox or edge
2025-07-11 14:55:30 INFO  Browser:36 - Enter supported browser name either chrome, firefox or edge
2025-07-11 14:58:30 INFO  Browser:36 - Enter supported browser name either chrome, firefox or edge
2025-07-11 21:47:57 INFO  Browser:33 - EDGE is opening
2025-07-11 21:48:21 INFO  Browser:33 - EDGE is opening
2025-07-11 21:48:52 INFO  Browser:33 - EDGE is opening
2025-07-11 21:49:13 INFO  Browser:33 - EDGE is opening
2025-07-11 21:49:40 INFO  Browser:33 - EDGE is opening
2025-07-13 10:04:48 INFO  Browser:33 - EDGE is opening
2025-07-19 23:39:11 INFO  Browser:23 - Chrome is opening
2025-07-19 23:39:54 INFO  Browser:23 - Chrome is opening
2025-07-19 23:41:20 INFO  Browser:23 - Chrome is opening
2025-07-19 23:42:24 INFO  Browser:23 - Chrome is opening
2025-07-19 23:48:20 INFO  Browser:23 - Chrome is opening
2025-07-19 23:49:23 INFO  Browser:23 - Chrome is opening
2025-07-19 23:54:57 INFO  Browser:23 - Chrome is opening
2025-07-19 23:58:22 INFO  Browser:23 - Chrome is opening
2025-07-20 00:00:36 INFO  Browser:23 - Chrome is opening
2025-07-20 00:01:12 INFO  Browser:23 - Chrome is opening
2025-07-20 00:02:00 INFO  Browser:23 - Chrome is opening
2025-07-20 00:07:23 INFO  Browser:23 - Chrome is opening
2025-07-20 00:11:44 INFO  Browser:23 - Chrome is opening
2025-07-20 00:14:00 INFO  Browser:23 - Chrome is opening
2025-07-20 00:14:56 INFO  Browser:28 - Firefox is opening
2025-07-20 00:19:29 INFO  Browser:23 - Chrome is opening
2025-07-20 00:19:39 INFO  Browser:28 - Firefox is opening
2025-07-20 00:21:21 INFO  Browser:23 - Chrome is opening
2025-07-20 00:21:31 INFO  Browser:28 - Firefox is opening
2025-07-20 00:23:59 INFO  Browser:23 - Chrome is opening
2025-07-20 00:24:08 INFO  Browser:28 - Firefox is opening
2025-07-21 23:06:06 INFO  Browser:23 - Chrome is opening
2025-07-21 23:06:19 INFO  Browser:28 - Firefox is opening
